2025-02-25 22:26:40 INFO  c.e.U.Uc7EmployeePayrollApplication - Starting Uc7EmployeePayrollApplication using Java 21.0.6 with PID 5652 (C:\Users\Tushar\OneDrive\Desktop\Capgemini Training\Spring Employee Payroll Application Project\UC7-Employee_Payroll_Application\target\classes started by Tushar in C:\Users\Tushar\OneDrive\Desktop\Capgemini Training\Spring Employee Payroll Application Project\UC7-Employee_Payroll_Application)
2025-02-25 22:26:40 INFO  c.e.U.Uc7EmployeePayrollApplication - No active profile set, falling back to 1 default profile: "default"
2025-02-25 22:26:41 INFO  o.s.b.w.e.tomcat.TomcatWebServer - Tomcat initialized with port 8080 (http)
2025-02-25 22:26:41 INFO  o.a.c.core.AprLifecycleListener - An older version [1.3.1] of the Apache Tomcat Native library is installed, while Tomcat recommends a minimum version of [2.0.5]
2025-02-25 22:26:41 INFO  o.a.c.core.AprLifecycleListener - Loaded Apache Tomcat Native library [1.3.1] using APR version [1.7.4].
2025-02-25 22:26:41 INFO  o.a.c.core.AprLifecycleListener - OpenSSL successfully initialized [OpenSSL 3.0.14 4 Jun 2024]
2025-02-25 22:26:41 INFO  o.a.catalina.core.StandardService - Starting service [Tomcat]
2025-02-25 22:26:41 INFO  o.a.catalina.core.StandardEngine - Starting Servlet engine: [Apache Tomcat/10.1.36]
2025-02-25 22:26:41 INFO  o.a.c.c.C.[Tomcat].[localhost].[/] - Initializing Spring embedded WebApplicationContext
2025-02-25 22:26:41 INFO  o.s.b.w.s.c.ServletWebServerApplicationContext - Root WebApplicationContext: initialization completed in 1315 ms
2025-02-25 22:26:42 INFO  o.s.b.w.e.tomcat.TomcatWebServer - Tomcat started on port 8080 (http) with context path '/'
2025-02-25 22:26:42 INFO  c.e.U.Uc7EmployeePayrollApplication - Started Uc7EmployeePayrollApplication in 2.215 seconds (process running for 2.561)
2025-02-25 22:29:28 INFO  o.a.c.c.C.[Tomcat].[localhost].[/] - Initializing Spring DispatcherServlet 'dispatcherServlet'
2025-02-25 22:29:28 INFO  o.s.web.servlet.DispatcherServlet - Initializing Servlet 'dispatcherServlet'
2025-02-25 22:29:28 INFO  o.s.web.servlet.DispatcherServlet - Completed initialization in 0 ms
2025-02-25 22:29:28 INFO  c.e.U.controller.EmployeeController - Received request to add an employee: EmployeeDTO(name=John Doe, salary=50000.0)
2025-02-25 22:29:28 INFO  c.e.U.service.EmployeeService - Creating Employee object from DTO: EmployeeDTO(name=John Doe, salary=50000.0)
2025-02-25 22:29:28 INFO  c.e.U.service.EmployeeService - Employee stored in memory: Employee(id=1, name=John Doe, salary=50000.0)
2025-02-25 22:29:28 INFO  c.e.U.controller.EmployeeController - Employee added successfully: Employee(id=1, name=John Doe, salary=50000.0)
2025-02-25 22:30:46 INFO  c.e.U.controller.EmployeeController - Fetching all employees...
2025-02-25 22:30:46 INFO  c.e.U.service.EmployeeService - Returning list of all employees...
2025-02-25 22:30:46 INFO  c.e.U.controller.EmployeeController - Total employees fetched: 1
